
      @@@@@@@@@  @@@@                      @@@@@@@               @@@       
        @@    @    @@                @       @@   @@              @@       
        @@     @   @@               @@       @@    @@             @@       
        @@         @@     @@@@      @@       @@    @@    @@@@@    @@ @@@   
        @@   @     @@    @@   @   @@@@@@@@   @@   @@    @     @   @@@  @@  
        @@@@@@     @@    @@   @@    @@       @@@@@@    @@     @@  @@    @@ 
        @@   @     @@      @@@@@    @@       @@    @@  @@@@@@@@@  @@    @@ 
        @@         @@    @@   @@    @@       @@     @@ @@         @@    @@ 
        @@         @@   @@    @@    @@       @@     @@ @@      @  @@    @@ 
        @@         @@   @@   @@@    @@   @   @@    @@   @@    @@  @@    @@ 
      @@@@@@     @@@@@@  @@@@  @@    @@@@  @@@@@@@@       @@@@   @@@@  @@@@

                              a netlist abstractor

           Alliance CAD System 5.0 20090901, flatbeh 5.0 [2000/11/01]
           Copyright (c) 1993-2019,                    ASIM/LIP6/UPMC
           Author(s):                François DONNET, Huu Nghia VUONG
           E-mail        :                alliance-users@asim.lip6.fr

     =========================  Environnement  =========================
     MBK_WORK_LIB        = .
     MBK_CATA_LIB        = .:/usr/lib64/alliance/cells/sxlib:/usr/lib64/alliance/cells/dp_sxlib:/usr/lib64/alliance/cells/rflib:/usr/lib64/alliance/cells/rf2lib:/usr/lib64/alliance/cells/ramlib:/usr/lib64/alliance/cells/romlib:/usr/lib64/alliance/cells/pxlib:/usr/lib64/alliance/cells/padlib
     MBK_CATAL_NAME      = CATAL
     ============================== Files ==============================
     Netlist file        = seqdet_o_b_l.vst
     Output  file        = seqdet_o_b_l_net.vbe
     ===================================================================

Loading './seqdet_o_b_l.vst'
flattening figure seqdet_o_b_l 
 loading inv_x2 
 loading noa22_x1 
 loading noa2a2a23_x1 
 loading an12_x1 
 loading na2_x1 
 loading sff1_x4 
 loading no2_x1 
 loading oa2a22_x2 
 loading a2_x2 
 loading one_x0 
Restoring array's orders 
BEH : Saving 'seqdet_o_b_l_net' in a vhdl file (vbe)
