
                   @@@@@@                          @@@    @@@
                     @@                             @@     @ 
                     @@                             @@@    @ 
                     @@           @@@       @@@     @ @@   @ 
                     @@         @@   @@   @@   @@   @ @@   @ 
                     @@        @@     @@ @@     @@  @  @@  @ 
                     @@        @@     @@ @@     @@  @   @@ @ 
                     @@        @@     @@ @@     @@  @   @@ @ 
                     @@      @ @@     @@ @@     @@  @    @@@ 
                     @@     @   @@   @@   @@   @@   @     @@ 
                   @@@@@@@@@@     @@@       @@@    @@@    @@ 

                           Local optimization on Nets

             Alliance CAD System 5.0 20090901, loon 5.0 [2003/12/07]
             Copyright (c) 2000-2019,                 ASIM/LIP6/UPMC
             Author(s):                              François Donnet
             E-mail        :             alliance-users@asim.lip6.fr

	MBK_IN_LO	: vst
	MBK_OUT_LO	: vst
	MBK_TARGET_LIB	: /usr/lib64/alliance/cells/sxlib

Reading parameter file 'paramfile.lax'...
50% area - 50% delay optimization
Reading file 'seq_detectorr.vst'...
Controlling file 'paramfile.lax'...
Reading lib '/usr/lib64/alliance/cells/sxlib'...
Capacitances on file 'seq_detectorr.vst'...
Delays on file 'seq_detectorr.vst'...2444 ps
Area on file 'seq_detectorr.vst'...47500 lamda² (with over-cell routing)
Details...
	o3_x2: 3 (9%)
	sff1_x4: 3 (28%)
	noa22_x1: 3 (9%)
	ao2o22_x2: 3 (14%)
	inv_x2: 3 (4%)
	no2_x1: 3 (6%)
	no3_x1: 2 (5%)
	o2_x2: 2 (5%)
	nao22_x1: 1 (3%)
	a3_x2: 1 (3%)
	ao22_x2: 1 (3%)
	a2_x2: 1 (2%)
	on12_x1: 1 (2%)
	na2_x1: 1 (2%)
	Total: 28
Worst RC on file 'seq_detectorr.vst'...416 ps
Inserting buffers on critical path for file 'seqdet_r_b_l2.vst'...1 buffer inserted -> 2430 ps
Improving RC on critical path for file 'seqdet_r_b_l2.vst'...2398 ps
Improving all RC for file 'seqdet_r_b_l2.vst'...
Worst RC on file 'seqdet_r_b_l2.vst'...416 ps
Area on file 'seqdet_r_b_l2.vst'...48750 lamda² (with over-cell routing)
Details...
	o3_x2: 3 (9%)
	sff1_x4: 3 (27%)
	noa22_x1: 3 (9%)
	ao2o22_x2: 3 (13%)
	no2_x1: 3 (6%)
	no3_x1: 2 (5%)
	inv_x2: 2 (3%)
	o2_x2: 2 (5%)
	buf_x2: 1 (2%)
	nao22_x1: 1 (3%)
	a3_x2: 1 (3%)
	ao22_x2: 1 (3%)
	a2_x2: 1 (2%)
	inv_x4: 1 (2%)
	on12_x1: 1 (2%)
	na2_x1: 1 (2%)
	Total: 29
Critical path (no warranty)...2398 ps from 'seq_detector_cs 0' to 'seq_detector_cs_2_ins'
Saving file 'seqdet_r_b_l2.vst'...
Saving critical path in xsch color file 'seqdet_r_b_l2.xsc'...
End of loon...

