
                  @@@@@@@                             @@@@ @  
                    @@   @@                         @@    @@  
                    @@    @@                       @@      @  
                    @@    @@     @@@       @@@    @@          
                    @@   @@    @@   @@   @@   @@  @@          
                    @@@@@@    @@     @@ @@     @@ @@     @@@@@
                    @@    @@  @@     @@ @@     @@ @@     @ @@ 
                    @@     @@ @@     @@ @@     @@ @@    @  @@ 
                    @@     @@ @@     @@ @@     @@  @@      @@ 
                    @@    @@   @@   @@   @@   @@    @@    @@  
                  @@@@@@@@       @@@       @@@        @@@@    

                         Binding and Optimizing On Gates

             Alliance CAD System 5.0 20090901, boog 5.0 [2003/01/09]
             Copyright (c) 2000-2019,                 ASIM/LIP6/UPMC
             Author(s):                              François Donnet
             E-mail        :             alliance-users@asim.lip6.fr

        MBK_VDD        : vdd
        MBK_VSS        : vss
        MBK_IN_LO      : vst
        MBK_OUT_LO     : vst
        MBK_WORK_LIB   : .
        MBK_TARGET_LIB : /usr/lib64/alliance/cells/sxlib

Reading parameter file 'paramfile.lax'...
50% area - 50% delay optimization
Reading file 'seq_detectoro.vbe'...
Controlling file 'paramfile.lax'...
Controlling file 'seq_detectoro.vbe'...
Reading lib '/usr/lib64/alliance/cells/sxlib'...
Controlling lib '/usr/lib64/alliance/cells/sxlib'...
Preparing file 'seq_detectoro.vbe'...
Capacitances on file 'seq_detectoro.vbe'...
Unflattening file 'seq_detectoro.vbe'...
Mapping file 'seq_detectoro.vbe'...
Saving file 'seq_detectoro.vst'...
Quick estimated critical path (no warranty)...1252 ps from 'seq_detector_cs 1' to 'seq_detector_cs 4'
Quick estimated area (with over-cell routing)...53500 lambda²
Details...
	na2_x1: 8
	sff1_x4: 6
	noa22_x1: 4
	inv_x2: 3
	a2_x2: 2
	one_x0: 1
	oa2a22_x2: 1
	no2_x1: 1
	an12_x1: 1
	noa2a2a23_x1: 1
	Total: 28
Saving delay gradient in xsch color file 'seq_detectoro.xsc'...
End of boog...

