
                   @@@@@@                          @@@    @@@
                     @@                             @@     @ 
                     @@                             @@@    @ 
                     @@           @@@       @@@     @ @@   @ 
                     @@         @@   @@   @@   @@   @ @@   @ 
                     @@        @@     @@ @@     @@  @  @@  @ 
                     @@        @@     @@ @@     @@  @   @@ @ 
                     @@        @@     @@ @@     @@  @   @@ @ 
                     @@      @ @@     @@ @@     @@  @    @@@ 
                     @@     @   @@   @@   @@   @@   @     @@ 
                   @@@@@@@@@@     @@@       @@@    @@@    @@ 

                           Local optimization on Nets

             Alliance CAD System 5.0 20090901, loon 5.0 [2003/12/07]
             Copyright (c) 2000-2019,                 ASIM/LIP6/UPMC
             Author(s):                              François Donnet
             E-mail        :             alliance-users@asim.lip6.fr

	MBK_IN_LO	: vst
	MBK_OUT_LO	: vst
	MBK_TARGET_LIB	: /usr/lib64/alliance/cells/sxlib

Reading parameter file 'paramfile.lax'...
50% area - 50% delay optimization
Reading file 'seq_detectoro.vst'...
Controlling file 'paramfile.lax'...
Reading lib '/usr/lib64/alliance/cells/sxlib'...
Capacitances on file 'seq_detectoro.vst'...
Delays on file 'seq_detectoro.vst'...1253 ps
Area on file 'seq_detectoro.vst'...53500 lamda² (with over-cell routing)
Details...
	na2_x1: 8 (14%)
	sff1_x4: 6 (50%)
	noa22_x1: 4 (11%)
	inv_x2: 3 (4%)
	a2_x2: 2 (4%)
	one_x0: 1 (1%)
	oa2a22_x2: 1 (4%)
	no2_x1: 1 (1%)
	an12_x1: 1 (2%)
	noa2a2a23_x1: 1 (4%)
	Total: 28
Worst RC on file 'seq_detectoro.vst'...170 ps
Inserting buffers on critical path for file 'seqdet_o_b_l2.vst'...None inserted
Improving RC on critical path for file 'seqdet_o_b_l2.vst'...1251 ps
Improving all RC for file 'seqdet_o_b_l2.vst'...
Worst RC on file 'seqdet_o_b_l2.vst'...170 ps
Area on file 'seqdet_o_b_l2.vst'...53500 lamda² (with over-cell routing)
Details...
	na2_x1: 8 (14%)
	sff1_x4: 6 (50%)
	noa22_x1: 4 (11%)
	inv_x2: 3 (4%)
	a2_x2: 2 (4%)
	one_x0: 1 (1%)
	oa2a22_x2: 1 (4%)
	no2_x1: 1 (1%)
	an12_x1: 1 (2%)
	noa2a2a23_x1: 1 (4%)
	Total: 28
Critical path (no warranty)...1251 ps from 'seq_detector_cs 1' to 'seq_detector_cs_4_ins'
Saving file 'seqdet_o_b_l2.vst'...
Saving critical path in xsch color file 'seqdet_o_b_l2.xsc'...
End of loon...

