
                   @@@@@@                          @@@    @@@
                     @@                             @@     @ 
                     @@                             @@@    @ 
                     @@           @@@       @@@     @ @@   @ 
                     @@         @@   @@   @@   @@   @ @@   @ 
                     @@        @@     @@ @@     @@  @  @@  @ 
                     @@        @@     @@ @@     @@  @   @@ @ 
                     @@        @@     @@ @@     @@  @   @@ @ 
                     @@      @ @@     @@ @@     @@  @    @@@ 
                     @@     @   @@   @@   @@   @@   @     @@ 
                   @@@@@@@@@@     @@@       @@@    @@@    @@ 

                           Local optimization on Nets

             Alliance CAD System 5.0 20090901, loon 5.0 [2003/12/07]
             Copyright (c) 2000-2019,                 ASIM/LIP6/UPMC
             Author(s):                              François Donnet
             E-mail        :             alliance-users@asim.lip6.fr

	MBK_IN_LO	: vst
	MBK_OUT_LO	: vst
	MBK_TARGET_LIB	: /usr/lib64/alliance/cells/sxlib

Reading parameter file 'paramfile.lax'...
50% area - 50% delay optimization
Reading file 'seq_detectorj.vst'...
Controlling file 'paramfile.lax'...
Reading lib '/usr/lib64/alliance/cells/sxlib'...
Capacitances on file 'seq_detectorj.vst'...
Delays on file 'seq_detectorj.vst'...2453 ps
Area on file 'seq_detectorj.vst'...44250 lamda² (with over-cell routing)
Details...
	na2_x1: 4 (9%)
	inv_x2: 4 (6%)
	o3_x2: 3 (10%)
	sff1_x4: 3 (30%)
	no2_x1: 2 (4%)
	nao2o22_x1: 2 (7%)
	o2_x2: 2 (5%)
	one_x0: 1 (1%)
	no3_x1: 1 (2%)
	nao22_x1: 1 (3%)
	noa22_x1: 1 (3%)
	na3_x1: 1 (2%)
	on12_x1: 1 (2%)
	ao22_x2: 1 (3%)
	ao2o22_x2: 1 (5%)
	Total: 28
Worst RC on file 'seq_detectorj.vst'...416 ps
Inserting buffers on critical path for file 'seqdet_j_b_l2.vst'...3 buffers inserted -> 2418 ps
Improving RC on critical path for file 'seqdet_j_b_l2.vst'...2358 ps
Improving all RC for file 'seqdet_j_b_l2.vst'...
Worst RC on file 'seqdet_j_b_l2.vst'...416 ps
Area on file 'seqdet_j_b_l2.vst'...47500 lamda² (with over-cell routing)
Details...
	na2_x1: 4 (8%)
	buf_x2: 3 (6%)
	o3_x2: 3 (9%)
	sff1_x4: 3 (28%)
	inv_x2: 3 (4%)
	no2_x1: 2 (4%)
	nao2o22_x1: 2 (7%)
	o2_x2: 2 (5%)
	one_x0: 1 (1%)
	no3_x1: 1 (2%)
	nao22_x1: 1 (3%)
	noa22_x1: 1 (3%)
	na3_x1: 1 (2%)
	inv_x4: 1 (2%)
	on12_x1: 1 (2%)
	ao22_x2: 1 (3%)
	ao2o22_x2: 1 (4%)
	Total: 31
Critical path (no warranty)...2358 ps from 'seq_detector_cs 1' to 'seq_detector_cs_1_ins'
Saving file 'seqdet_j_b_l2.vst'...
Saving critical path in xsch color file 'seqdet_j_b_l2.xsc'...
End of loon...

