
                   @@@@@@                          @@@    @@@
                     @@                             @@     @ 
                     @@                             @@@    @ 
                     @@           @@@       @@@     @ @@   @ 
                     @@         @@   @@   @@   @@   @ @@   @ 
                     @@        @@     @@ @@     @@  @  @@  @ 
                     @@        @@     @@ @@     @@  @   @@ @ 
                     @@        @@     @@ @@     @@  @   @@ @ 
                     @@      @ @@     @@ @@     @@  @    @@@ 
                     @@     @   @@   @@   @@   @@   @     @@ 
                   @@@@@@@@@@     @@@       @@@    @@@    @@ 

                           Local optimization on Nets

             Alliance CAD System 5.0 20090901, loon 5.0 [2003/12/07]
             Copyright (c) 2000-2019,                 ASIM/LIP6/UPMC
             Author(s):                              François Donnet
             E-mail        :             alliance-users@asim.lip6.fr

	MBK_IN_LO	: vst
	MBK_OUT_LO	: vst
	MBK_TARGET_LIB	: /usr/lib64/alliance/cells/sxlib

Reading parameter file 'paramfile.lax'...
50% area - 50% delay optimization
Reading file 'seq_detectora.vst'...
Controlling file 'paramfile.lax'...
Reading lib '/usr/lib64/alliance/cells/sxlib'...
Capacitances on file 'seq_detectora.vst'...
Delays on file 'seq_detectora.vst'...2256 ps
Area on file 'seq_detectora.vst'...45750 lamda² (with over-cell routing)
Details...
	inv_x2: 7 (11%)
	o2_x2: 4 (10%)
	o3_x2: 3 (9%)
	sff1_x4: 3 (29%)
	ao2o22_x2: 2 (9%)
	one_x0: 1 (1%)
	no3_x1: 1 (2%)
	nao22_x1: 1 (3%)
	a2_x2: 1 (2%)
	na3_x1: 1 (2%)
	on12_x1: 1 (2%)
	na2_x1: 1 (2%)
	noa22_x1: 1 (3%)
	nao2o22_x1: 1 (3%)
	ao22_x2: 1 (3%)
	Total: 29
Worst RC on file 'seq_detectora.vst'...416 ps
Inserting buffers on critical path for file 'seqdet_a_b_l2.vst'...None inserted
Improving RC on critical path for file 'seqdet_a_b_l2.vst'...2213 ps
Improving all RC for file 'seqdet_a_b_l2.vst'...
Worst RC on file 'seqdet_a_b_l2.vst'...416 ps
Area on file 'seqdet_a_b_l2.vst'...46250 lamda² (with over-cell routing)
Details...
	inv_x2: 5 (8%)
	o2_x2: 4 (10%)
	o3_x2: 3 (9%)
	sff1_x4: 3 (29%)
	ao2o22_x2: 2 (9%)
	inv_x4: 2 (4%)
	one_x0: 1 (1%)
	no3_x1: 1 (2%)
	nao22_x1: 1 (3%)
	a2_x2: 1 (2%)
	na3_x1: 1 (2%)
	on12_x1: 1 (2%)
	na2_x1: 1 (2%)
	noa22_x1: 1 (3%)
	nao2o22_x1: 1 (3%)
	ao22_x2: 1 (3%)
	Total: 29
Critical path (no warranty)...2213 ps from 'seq_detector_cs 2' to 'seq_detector_cs_2_ins'
Saving file 'seqdet_a_b_l2.vst'...
Saving critical path in xsch color file 'seqdet_a_b_l2.xsc'...
End of loon...

